I, [2013-04-11T18:01:53.933999 #20976]  INFO -- : Refreshing Gem list
/Users/weidewang/.rvm/gems/ruby-1.9.3-p362/gems/activerecord-3.2.13/lib/active_record/connection_adapters/postgresql_adapter.rb:1216:in `initialize': could not connect to server: No such file or directory (PG::Error)
	Is the server running locally and accepting
	connections on Unix domain socket "/var/pgsql_socket/.s.PGSQL.5432"?
	from /Users/weidewang/.rvm/gems/ruby-1.9.3-p362/gems/activerecord-3.2.13/lib/active_record/connection_adapters/postgresql_adapter.rb:1216:in `new'
	from /Users/weidewang/.rvm/gems/ruby-1.9.3-p362/gems/activerecord-3.2.13/lib/active_record/connection_adapters/postgresql_adapter.rb:1216:in `connect'
	from /Users/weidewang/.rvm/gems/ruby-1.9.3-p362/gems/activerecord-3.2.13/lib/active_record/connection_adapters/postgresql_adapter.rb:324:in `initialize'
	from /Users/weidewang/.rvm/gems/ruby-1.9.3-p362/gems/activerecord-postgis-adapter-0.6.2/lib/active_record/connection_adapters/postgis_adapter/rails3/main_adapter.rb:55:in `initialize'
	from /Users/weidewang/.rvm/gems/ruby-1.9.3-p362/gems/activerecord-postgis-adapter-0.6.2/lib/active_record/connection_adapters/postgis_adapter/rails3/create_connection.rb:85:in `new'
	from /Users/weidewang/.rvm/gems/ruby-1.9.3-p362/gems/activerecord-postgis-adapter-0.6.2/lib/active_record/connection_adapters/postgis_adapter/rails3/create_connection.rb:85:in `postgis_connection'
	from /Users/weidewang/.rvm/gems/ruby-1.9.3-p362/gems/activerecord-3.2.13/lib/active_record/connection_adapters/abstract/connection_pool.rb:315:in `new_connection'
	from /Users/weidewang/.rvm/gems/ruby-1.9.3-p362/gems/rgeo-activerecord-0.5.0/lib/rgeo/active_record/ar_factory_settings.rb:214:in `new_connection'
	from /Users/weidewang/.rvm/gems/ruby-1.9.3-p362/gems/activerecord-3.2.13/lib/active_record/connection_adapters/abstract/connection_pool.rb:325:in `checkout_new_connection'
	from /Users/weidewang/.rvm/gems/ruby-1.9.3-p362/gems/activerecord-3.2.13/lib/active_record/connection_adapters/abstract/connection_pool.rb:247:in `block (2 levels) in checkout'
	from /Users/weidewang/.rvm/gems/ruby-1.9.3-p362/gems/activerecord-3.2.13/lib/active_record/connection_adapters/abstract/connection_pool.rb:242:in `loop'
	from /Users/weidewang/.rvm/gems/ruby-1.9.3-p362/gems/activerecord-3.2.13/lib/active_record/connection_adapters/abstract/connection_pool.rb:242:in `block in checkout'
	from /Users/weidewang/.rvm/rubies/ruby-1.9.3-p362/lib/ruby/1.9.1/monitor.rb:211:in `mon_synchronize'
	from /Users/weidewang/.rvm/gems/ruby-1.9.3-p362/gems/activerecord-3.2.13/lib/active_record/connection_adapters/abstract/connection_pool.rb:239:in `checkout'
	from /Users/weidewang/.rvm/gems/ruby-1.9.3-p362/gems/activerecord-3.2.13/lib/active_record/connection_adapters/abstract/connection_pool.rb:102:in `block in connection'
	from /Users/weidewang/.rvm/rubies/ruby-1.9.3-p362/lib/ruby/1.9.1/monitor.rb:211:in `mon_synchronize'
	from /Users/weidewang/.rvm/gems/ruby-1.9.3-p362/gems/activerecord-3.2.13/lib/active_record/connection_adapters/abstract/connection_pool.rb:101:in `connection'
	from /Users/weidewang/.rvm/gems/ruby-1.9.3-p362/gems/activerecord-3.2.13/lib/active_record/connection_adapters/abstract/connection_pool.rb:410:in `retrieve_connection'
	from /Users/weidewang/.rvm/gems/ruby-1.9.3-p362/gems/activerecord-3.2.13/lib/active_record/connection_adapters/abstract/connection_specification.rb:171:in `retrieve_connection'
	from /Users/weidewang/.rvm/gems/ruby-1.9.3-p362/gems/activerecord-3.2.13/lib/active_record/connection_adapters/abstract/connection_specification.rb:145:in `connection'
	from /Users/weidewang/.rvm/gems/ruby-1.9.3-p362/gems/sinatra-activerecord-1.2.2/lib/sinatra/activerecord.rb:24:in `database'
	from /Users/weidewang/.rvm/gems/ruby-1.9.3-p362/gems/sinatra-activerecord-1.2.2/lib/sinatra/activerecord.rb:17:in `database='
	from /Users/weidewang/.rvm/gems/ruby-1.9.3-p362/gems/sinatra-1.3.6/lib/sinatra/base.rb:1061:in `set'
	from /Users/weidewang/.rvm/gems/ruby-1.9.3-p362/gems/sinatra-activerecord-1.2.2/lib/sinatra/activerecord.rb:41:in `database_file='
	from /Users/weidewang/.rvm/gems/ruby-1.9.3-p362/gems/sinatra-1.3.6/lib/sinatra/base.rb:1061:in `set'
	from /Users/weidewang/.rvm/gems/ruby-1.9.3-p362/gems/sinatra-activerecord-1.2.2/lib/sinatra/activerecord.rb:50:in `registered'
	from /Users/weidewang/.rvm/gems/ruby-1.9.3-p362/gems/sinatra-1.3.6/lib/sinatra/base.rb:1345:in `block in register'
	from /Users/weidewang/.rvm/gems/ruby-1.9.3-p362/gems/sinatra-1.3.6/lib/sinatra/base.rb:1343:in `each'
	from /Users/weidewang/.rvm/gems/ruby-1.9.3-p362/gems/sinatra-1.3.6/lib/sinatra/base.rb:1343:in `register'
	from /Users/weidewang/.rvm/gems/ruby-1.9.3-p362/gems/sinatra-1.3.6/lib/sinatra/base.rb:1676:in `register'
	from /Users/weidewang/.rvm/gems/ruby-1.9.3-p362/gems/sinatra-1.3.6/lib/sinatra/base.rb:1716:in `register'
	from /Users/weidewang/.rvm/gems/ruby-1.9.3-p362/gems/sinatra-activerecord-1.2.2/lib/sinatra/activerecord.rb:76:in `<module:Sinatra>'
	from /Users/weidewang/.rvm/gems/ruby-1.9.3-p362/gems/sinatra-activerecord-1.2.2/lib/sinatra/activerecord.rb:6:in `<top (required)>'
	from /Users/weidewang/.rvm/gems/ruby-1.9.3-p362@global/gems/bundler-1.2.3/lib/bundler/runtime.rb:74:in `require'
	from /Users/weidewang/.rvm/gems/ruby-1.9.3-p362@global/gems/bundler-1.2.3/lib/bundler/runtime.rb:74:in `rescue in block in require'
	from /Users/weidewang/.rvm/gems/ruby-1.9.3-p362@global/gems/bundler-1.2.3/lib/bundler/runtime.rb:62:in `block in require'
	from /Users/weidewang/.rvm/gems/ruby-1.9.3-p362@global/gems/bundler-1.2.3/lib/bundler/runtime.rb:55:in `each'
	from /Users/weidewang/.rvm/gems/ruby-1.9.3-p362@global/gems/bundler-1.2.3/lib/bundler/runtime.rb:55:in `require'
	from /Users/weidewang/.rvm/gems/ruby-1.9.3-p362@global/gems/bundler-1.2.3/lib/bundler.rb:128:in `require'
	from config.ru:11:in `block in <main>'
	from /Users/weidewang/.rvm/gems/ruby-1.9.3-p362/gems/rack-1.5.2/lib/rack/builder.rb:55:in `instance_eval'
	from /Users/weidewang/.rvm/gems/ruby-1.9.3-p362/gems/rack-1.5.2/lib/rack/builder.rb:55:in `initialize'
	from config.ru:1:in `new'
	from config.ru:1:in `<main>'
	from /Users/weidewang/.rvm/gems/ruby-1.9.3-p362/gems/unicorn-4.6.2/lib/unicorn.rb:44:in `eval'
	from /Users/weidewang/.rvm/gems/ruby-1.9.3-p362/gems/unicorn-4.6.2/lib/unicorn.rb:44:in `block in builder'
	from /Users/weidewang/.rvm/gems/ruby-1.9.3-p362/gems/unicorn-4.6.2/lib/unicorn/http_server.rb:722:in `call'
	from /Users/weidewang/.rvm/gems/ruby-1.9.3-p362/gems/unicorn-4.6.2/lib/unicorn/http_server.rb:722:in `build_app!'
	from /Users/weidewang/.rvm/gems/ruby-1.9.3-p362/gems/unicorn-4.6.2/lib/unicorn/http_server.rb:140:in `start'
	from /Users/weidewang/.rvm/gems/ruby-1.9.3-p362/gems/rainbows-4.5.0/bin/rainbows:127:in `<top (required)>'
	from /Users/weidewang/.rvm/gems/ruby-1.9.3-p362/bin/rainbows:19:in `load'
	from /Users/weidewang/.rvm/gems/ruby-1.9.3-p362/bin/rainbows:19:in `<main>'
	from /Users/weidewang/.rvm/gems/ruby-1.9.3-p362/bin/ruby_noexec_wrapper:14:in `eval'
	from /Users/weidewang/.rvm/gems/ruby-1.9.3-p362/bin/ruby_noexec_wrapper:14:in `<main>'
